<?xml version="1.0" encoding="UTF-8"?>
<testng-results skipped="0" failed="0" total="1" passed="1">
  <reporter-output>
  </reporter-output>
  <suite name="Default suite" duration-ms="72271" started-at="2016-01-05T10:49:41Z" finished-at="2016-01-05T10:50:54Z">
    <groups>
    </groups>
    <test name="Default test" duration-ms="72271" started-at="2016-01-05T10:49:41Z" finished-at="2016-01-05T10:50:54Z">
      <class name="main.PageObjectModel">
        <test-method status="PASS" signature="setUp()[pri:0, instance:main.PageObjectModel@4ec6a292]" name="setUp" is-config="true" duration-ms="9181" started-at="2016-01-05T16:19:41Z" finished-at="2016-01-05T16:19:50Z">
          <reporter-output>
          </reporter-output>
        </test-method> <!-- setUp -->
        <test-method status="PASS" signature="test()[pri:0, instance:main.PageObjectModel@4ec6a292]" name="test" duration-ms="62441" started-at="2016-01-05T16:19:50Z" finished-at="2016-01-05T16:20:53Z">
          <reporter-output>
          </reporter-output>
        </test-method> <!-- test -->
        <test-method status="PASS" signature="tearDown()[pri:0, instance:main.PageObjectModel@4ec6a292]" name="tearDown" is-config="true" duration-ms="636" started-at="2016-01-05T16:20:53Z" finished-at="2016-01-05T16:20:54Z">
          <reporter-output>
          </reporter-output>
        </test-method> <!-- tearDown -->
      </class> <!-- main.PageObjectModel -->
    </test> <!-- Default test -->
  </suite> <!-- Default suite -->
</testng-results>
